c:\users\tom\desktop\game3001\game3001-w2020-lesson7d\template\intermediate\debug\vc142.pdb
c:\users\tom\desktop\game3001\game3001-w2020-lesson7d\template\intermediate\debug\vc142.idb
c:\users\tom\desktop\game3001\game3001-w2020-lesson7d\template\intermediate\debug\soundmanager.obj
c:\users\tom\desktop\game3001\game3001-w2020-lesson7d\template\intermediate\debug\ship.obj
c:\users\tom\desktop\game3001\game3001-w2020-lesson7d\template\intermediate\debug\scene.obj
c:\users\tom\desktop\game3001\game3001-w2020-lesson7d\template\intermediate\debug\playscene.obj
c:\users\tom\desktop\game3001\game3001-w2020-lesson7d\template\intermediate\debug\planet.obj
c:\users\tom\desktop\game3001\game3001-w2020-lesson7d\template\intermediate\debug\pathfindingdisplayobject.obj
c:\users\tom\desktop\game3001\game3001-w2020-lesson7d\template\intermediate\debug\mine.obj
c:\users\tom\desktop\game3001\game3001-w2020-lesson7d\template\intermediate\debug\main.obj
c:\users\tom\desktop\game3001\game3001-w2020-lesson7d\template\intermediate\debug\label.obj
c:\users\tom\desktop\game3001\game3001-w2020-lesson7d\template\intermediate\debug\gameobject.obj
c:\users\tom\desktop\game3001\game3001-w2020-lesson7d\template\intermediate\debug\game.obj
c:\users\tom\desktop\game3001\game3001-w2020-lesson7d\template\intermediate\debug\fontmanager.obj
c:\users\tom\desktop\game3001\game3001-w2020-lesson7d\template\intermediate\debug\endscene.obj
c:\users\tom\desktop\game3001\game3001-w2020-lesson7d\template\intermediate\debug\displayobject.obj
c:\users\tom\desktop\game3001\game3001-w2020-lesson7d\template\intermediate\debug\collisionmanager.obj
c:\users\tom\desktop\game3001\game3001-w2020-lesson7d\template\intermediate\debug\imgui_sdl.obj
c:\users\tom\desktop\game3001\game3001-w2020-lesson7d\template\intermediate\debug\imgui_widgets.obj
c:\users\tom\desktop\game3001\game3001-w2020-lesson7d\template\intermediate\debug\imgui_draw.obj
c:\users\tom\desktop\game3001\game3001-w2020-lesson7d\template\intermediate\debug\imgui_demo.obj
c:\users\tom\desktop\game3001\game3001-w2020-lesson7d\template\intermediate\debug\imgui.obj
c:\users\tom\desktop\game3001\game3001-w2020-lesson7d\template\intermediate\debug\util.obj
c:\users\tom\desktop\game3001\game3001-w2020-lesson7d\template\intermediate\debug\tile.obj
c:\users\tom\desktop\game3001\game3001-w2020-lesson7d\template\intermediate\debug\texturemanager.obj
c:\users\tom\desktop\game3001\game3001-w2020-lesson7d\template\intermediate\debug\target.obj
c:\users\tom\desktop\game3001\game3001-w2020-lesson7d\template\intermediate\debug\startscene.obj
c:\users\tom\desktop\game3001\game3001-w2020-lesson7d\bin\debug\template.pdb
c:\users\tom\desktop\game3001\game3001-w2020-lesson7d\template\intermediate\debug\template.tlog\cl.command.1.tlog
c:\users\tom\desktop\game3001\game3001-w2020-lesson7d\template\intermediate\debug\template.tlog\cl.read.1.tlog
c:\users\tom\desktop\game3001\game3001-w2020-lesson7d\template\intermediate\debug\template.tlog\cl.write.1.tlog
c:\users\tom\desktop\game3001\game3001-w2020-lesson7d\template\intermediate\debug\template.tlog\link.105268-cvtres.read.1.tlog
c:\users\tom\desktop\game3001\game3001-w2020-lesson7d\template\intermediate\debug\template.tlog\link.105268-cvtres.write.1.tlog
c:\users\tom\desktop\game3001\game3001-w2020-lesson7d\template\intermediate\debug\template.tlog\link.105268-rc.read.1.tlog
c:\users\tom\desktop\game3001\game3001-w2020-lesson7d\template\intermediate\debug\template.tlog\link.105268-rc.write.1.tlog
c:\users\tom\desktop\game3001\game3001-w2020-lesson7d\template\intermediate\debug\template.tlog\link.105268.read.1.tlog
c:\users\tom\desktop\game3001\game3001-w2020-lesson7d\template\intermediate\debug\template.tlog\link.105268.write.1.tlog
c:\users\tom\desktop\game3001\game3001-w2020-lesson7d\template\intermediate\debug\template.tlog\link.command.1.tlog
c:\users\tom\desktop\game3001\game3001-w2020-lesson7d\template\intermediate\debug\template.tlog\link.read.1.tlog
c:\users\tom\desktop\game3001\game3001-w2020-lesson7d\template\intermediate\debug\template.tlog\link.write.1.tlog
